<?xml version="1.0" encoding="UTF-8"?>
<!-- Generated by org.testng.reporters.JUnitReportReporter -->
<testsuite hostname="Line" failures="0" tests="1" name="tests.casesTest.PerformanceGlitchUserTest" time="13.522" errors="0" timestamp="2022-10-24T20:33:50 MSK" skipped="0">
  <testcase classname="tests.casesTest.PerformanceGlitchUserTest" name="checkIsRedirectToListing" time="13.522"/>
  <system-out/>
</testsuite> <!-- tests.casesTest.PerformanceGlitchUserTest -->
