<?xml version="1.0" encoding="UTF-8"?>
<!-- Generated by org.testng.reporters.JUnitReportReporter -->
<testsuite hostname="Line" failures="0" tests="1" name="tests.casesTest.RemoveFromCartPageTest" time="3.311" errors="0" timestamp="2022-10-24T21:50:39 MSK" skipped="0">
  <testcase classname="tests.casesTest.RemoveFromCartPageTest" name="checkIsRedirectToListing" time="3.311"/>
  <system-out/>
</testsuite> <!-- tests.casesTest.RemoveFromCartPageTest -->
