<?xml version="1.0" encoding="UTF-8"?>
<!-- Generated by org.testng.reporters.JUnitReportReporter -->
<testsuite hostname="Line" failures="0" tests="1" name="tests.casesTest.RemoveFromCartTest" time="3.252" errors="0" timestamp="2022-10-24T20:33:50 MSK" skipped="0">
  <testcase classname="tests.casesTest.RemoveFromCartTest" name="checkIsRedirectToListing" time="3.252"/>
  <system-out/>
</testsuite> <!-- tests.casesTest.RemoveFromCartTest -->
