<?xml version="1.0" encoding="UTF-8"?>
<!-- Generated by org.testng.reporters.JUnitReportReporter -->
<testsuite hostname="Line" failures="0" tests="1" name="tests.casesTest.StandartUserTest" time="4.398" errors="0" timestamp="2022-10-24T20:21:59 MSK" skipped="0">
  <testcase classname="tests.casesTest.StandartUserTest" name="checkIsRedirectToListing" time="4.398"/>
  <system-out/>
</testsuite> <!-- tests.casesTest.StandartUserTest -->
